Performing C SOURCE FILE Test CMAKE_HAVE_LIBC_PTHREAD failed with the following output:
Change Dir: /home/bato/cit/lab/choreonoid-1.7.0/build/CMakeFiles/CMakeTmp

Run Build Command(s):/usr/bin/make -f Makefile cmTC_6cb53/fast && /usr/bin/make  -f CMakeFiles/cmTC_6cb53.dir/build.make CMakeFiles/cmTC_6cb53.dir/build
make[1]: Entering directory '/home/bato/cit/lab/choreonoid-1.7.0/build/CMakeFiles/CMakeTmp'
Building C object CMakeFiles/cmTC_6cb53.dir/src.c.o
/usr/bin/cc -DCMAKE_HAVE_LIBC_PTHREAD   -o CMakeFiles/cmTC_6cb53.dir/src.c.o -c /home/bato/cit/lab/choreonoid-1.7.0/build/CMakeFiles/CMakeTmp/src.c
Linking C executable cmTC_6cb53
/home/bato/.local/lib/python3.6/site-packages/cmake/data/bin/cmake -E cmake_link_script CMakeFiles/cmTC_6cb53.dir/link.txt --verbose=1
/usr/bin/cc -rdynamic CMakeFiles/cmTC_6cb53.dir/src.c.o -o cmTC_6cb53 
CMakeFiles/cmTC_6cb53.dir/src.c.o: In function `main':
src.c:(.text+0x3e): undefined reference to `pthread_create'
src.c:(.text+0x4a): undefined reference to `pthread_detach'
src.c:(.text+0x56): undefined reference to `pthread_cancel'
src.c:(.text+0x67): undefined reference to `pthread_join'
src.c:(.text+0x7b): undefined reference to `pthread_atfork'
collect2: error: ld returned 1 exit status
CMakeFiles/cmTC_6cb53.dir/build.make:98: recipe for target 'cmTC_6cb53' failed
make[1]: *** [cmTC_6cb53] Error 1
make[1]: Leaving directory '/home/bato/cit/lab/choreonoid-1.7.0/build/CMakeFiles/CMakeTmp'
Makefile:127: recipe for target 'cmTC_6cb53/fast' failed
make: *** [cmTC_6cb53/fast] Error 2


Source file was:
#include <pthread.h>

static void* test_func(void* data)
{
  return data;
}

int main(void)
{
  pthread_t thread;
  pthread_create(&thread, NULL, test_func, NULL);
  pthread_detach(thread);
  pthread_cancel(thread);
  pthread_join(thread, NULL);
  pthread_atfork(NULL, NULL, NULL);
  pthread_exit(NULL);

  return 0;
}

Determining if the function pthread_create exists in the pthreads failed with the following output:
Change Dir: /home/bato/cit/lab/choreonoid-1.7.0/build/CMakeFiles/CMakeTmp

Run Build Command(s):/usr/bin/make -f Makefile cmTC_54018/fast && /usr/bin/make  -f CMakeFiles/cmTC_54018.dir/build.make CMakeFiles/cmTC_54018.dir/build
make[1]: Entering directory '/home/bato/cit/lab/choreonoid-1.7.0/build/CMakeFiles/CMakeTmp'
Building C object CMakeFiles/cmTC_54018.dir/CheckFunctionExists.c.o
/usr/bin/cc   -DCHECK_FUNCTION_EXISTS=pthread_create -o CMakeFiles/cmTC_54018.dir/CheckFunctionExists.c.o -c /home/bato/.local/lib/python3.6/site-packages/cmake/data/share/cmake-3.21/Modules/CheckFunctionExists.c
Linking C executable cmTC_54018
/home/bato/.local/lib/python3.6/site-packages/cmake/data/bin/cmake -E cmake_link_script CMakeFiles/cmTC_54018.dir/link.txt --verbose=1
/usr/bin/cc  -DCHECK_FUNCTION_EXISTS=pthread_create -rdynamic CMakeFiles/cmTC_54018.dir/CheckFunctionExists.c.o -o cmTC_54018  -lpthreads 
/usr/bin/ld: cannot find -lpthreads
collect2: error: ld returned 1 exit status
CMakeFiles/cmTC_54018.dir/build.make:98: recipe for target 'cmTC_54018' failed
make[1]: *** [cmTC_54018] Error 1
make[1]: Leaving directory '/home/bato/cit/lab/choreonoid-1.7.0/build/CMakeFiles/CMakeTmp'
Makefile:127: recipe for target 'cmTC_54018/fast' failed
make: *** [cmTC_54018/fast] Error 2



Determining if the Q_WS_WIN exist failed with the following output:
Change Dir: /home/bato/cit/lab/choreonoid-1.7.0/build/CMakeFiles/CMakeTmp

Run Build Command(s):/usr/bin/make -f Makefile cmTC_550d6/fast && /usr/bin/make  -f CMakeFiles/cmTC_550d6.dir/build.make CMakeFiles/cmTC_550d6.dir/build
make[1]: Entering directory '/home/bato/cit/lab/choreonoid-1.7.0/build/CMakeFiles/CMakeTmp'
Building CXX object CMakeFiles/cmTC_550d6.dir/CheckSymbolExists.cxx.o
/usr/bin/c++  -I/usr/include/qt4 --no-gnu-unique  -o CMakeFiles/cmTC_550d6.dir/CheckSymbolExists.cxx.o -c /home/bato/cit/lab/choreonoid-1.7.0/build/CMakeFiles/CMakeTmp/CheckSymbolExists.cxx
/home/bato/cit/lab/choreonoid-1.7.0/build/CMakeFiles/CMakeTmp/CheckSymbolExists.cxx: In function 'int main(int, char**)':
/home/bato/cit/lab/choreonoid-1.7.0/build/CMakeFiles/CMakeTmp/CheckSymbolExists.cxx:8:19: error: 'Q_WS_WIN' was not declared in this scope
   return ((int*)(&Q_WS_WIN))[argc];
                   ^~~~~~~~
/home/bato/cit/lab/choreonoid-1.7.0/build/CMakeFiles/CMakeTmp/CheckSymbolExists.cxx:8:19: note: suggested alternative: 'Q_WS_X11'
   return ((int*)(&Q_WS_WIN))[argc];
                   ^~~~~~~~
                   Q_WS_X11
CMakeFiles/cmTC_550d6.dir/build.make:77: recipe for target 'CMakeFiles/cmTC_550d6.dir/CheckSymbolExists.cxx.o' failed
make[1]: *** [CMakeFiles/cmTC_550d6.dir/CheckSymbolExists.cxx.o] Error 1
make[1]: Leaving directory '/home/bato/cit/lab/choreonoid-1.7.0/build/CMakeFiles/CMakeTmp'
Makefile:127: recipe for target 'cmTC_550d6/fast' failed
make: *** [cmTC_550d6/fast] Error 2


File /home/bato/cit/lab/choreonoid-1.7.0/build/CMakeFiles/CMakeTmp/CheckSymbolExists.cxx:
/* */
#include <QtCore/qglobal.h>

int main(int argc, char** argv)
{
  (void)argv;
#ifndef Q_WS_WIN
  return ((int*)(&Q_WS_WIN))[argc];
#else
  (void)argc;
  return 0;
#endif
}
Determining if the Q_WS_QWS exist failed with the following output:
Change Dir: /home/bato/cit/lab/choreonoid-1.7.0/build/CMakeFiles/CMakeTmp

Run Build Command(s):/usr/bin/make -f Makefile cmTC_9d167/fast && /usr/bin/make  -f CMakeFiles/cmTC_9d167.dir/build.make CMakeFiles/cmTC_9d167.dir/build
make[1]: Entering directory '/home/bato/cit/lab/choreonoid-1.7.0/build/CMakeFiles/CMakeTmp'
Building CXX object CMakeFiles/cmTC_9d167.dir/CheckSymbolExists.cxx.o
/usr/bin/c++  -I/usr/include/qt4 --no-gnu-unique  -o CMakeFiles/cmTC_9d167.dir/CheckSymbolExists.cxx.o -c /home/bato/cit/lab/choreonoid-1.7.0/build/CMakeFiles/CMakeTmp/CheckSymbolExists.cxx
/home/bato/cit/lab/choreonoid-1.7.0/build/CMakeFiles/CMakeTmp/CheckSymbolExists.cxx: In function 'int main(int, char**)':
/home/bato/cit/lab/choreonoid-1.7.0/build/CMakeFiles/CMakeTmp/CheckSymbolExists.cxx:8:19: error: 'Q_WS_QWS' was not declared in this scope
   return ((int*)(&Q_WS_QWS))[argc];
                   ^~~~~~~~
/home/bato/cit/lab/choreonoid-1.7.0/build/CMakeFiles/CMakeTmp/CheckSymbolExists.cxx:8:19: note: suggested alternative: 'Q_WS_X11'
   return ((int*)(&Q_WS_QWS))[argc];
                   ^~~~~~~~
                   Q_WS_X11
CMakeFiles/cmTC_9d167.dir/build.make:77: recipe for target 'CMakeFiles/cmTC_9d167.dir/CheckSymbolExists.cxx.o' failed
make[1]: *** [CMakeFiles/cmTC_9d167.dir/CheckSymbolExists.cxx.o] Error 1
make[1]: Leaving directory '/home/bato/cit/lab/choreonoid-1.7.0/build/CMakeFiles/CMakeTmp'
Makefile:127: recipe for target 'cmTC_9d167/fast' failed
make: *** [cmTC_9d167/fast] Error 2


File /home/bato/cit/lab/choreonoid-1.7.0/build/CMakeFiles/CMakeTmp/CheckSymbolExists.cxx:
/* */
#include <QtCore/qglobal.h>

int main(int argc, char** argv)
{
  (void)argv;
#ifndef Q_WS_QWS
  return ((int*)(&Q_WS_QWS))[argc];
#else
  (void)argc;
  return 0;
#endif
}
Determining if the Q_WS_MAC exist failed with the following output:
Change Dir: /home/bato/cit/lab/choreonoid-1.7.0/build/CMakeFiles/CMakeTmp

Run Build Command(s):/usr/bin/make -f Makefile cmTC_26f53/fast && /usr/bin/make  -f CMakeFiles/cmTC_26f53.dir/build.make CMakeFiles/cmTC_26f53.dir/build
make[1]: Entering directory '/home/bato/cit/lab/choreonoid-1.7.0/build/CMakeFiles/CMakeTmp'
Building CXX object CMakeFiles/cmTC_26f53.dir/CheckSymbolExists.cxx.o
/usr/bin/c++  -I/usr/include/qt4 --no-gnu-unique  -o CMakeFiles/cmTC_26f53.dir/CheckSymbolExists.cxx.o -c /home/bato/cit/lab/choreonoid-1.7.0/build/CMakeFiles/CMakeTmp/CheckSymbolExists.cxx
/home/bato/cit/lab/choreonoid-1.7.0/build/CMakeFiles/CMakeTmp/CheckSymbolExists.cxx: In function 'int main(int, char**)':
/home/bato/cit/lab/choreonoid-1.7.0/build/CMakeFiles/CMakeTmp/CheckSymbolExists.cxx:8:19: error: 'Q_WS_MAC' was not declared in this scope
   return ((int*)(&Q_WS_MAC))[argc];
                   ^~~~~~~~
/home/bato/cit/lab/choreonoid-1.7.0/build/CMakeFiles/CMakeTmp/CheckSymbolExists.cxx:8:19: note: suggested alternative: 'Q_WS_X11'
   return ((int*)(&Q_WS_MAC))[argc];
                   ^~~~~~~~
                   Q_WS_X11
CMakeFiles/cmTC_26f53.dir/build.make:77: recipe for target 'CMakeFiles/cmTC_26f53.dir/CheckSymbolExists.cxx.o' failed
make[1]: *** [CMakeFiles/cmTC_26f53.dir/CheckSymbolExists.cxx.o] Error 1
make[1]: Leaving directory '/home/bato/cit/lab/choreonoid-1.7.0/build/CMakeFiles/CMakeTmp'
Makefile:127: recipe for target 'cmTC_26f53/fast' failed
make: *** [cmTC_26f53/fast] Error 2


File /home/bato/cit/lab/choreonoid-1.7.0/build/CMakeFiles/CMakeTmp/CheckSymbolExists.cxx:
/* */
#include <QtCore/qglobal.h>

int main(int argc, char** argv)
{
  (void)argv;
#ifndef Q_WS_MAC
  return ((int*)(&Q_WS_MAC))[argc];
#else
  (void)argc;
  return 0;
#endif
}
Determining if the pthread_create exist failed with the following output:
Change Dir: /home/bato/cit/lab/choreonoid-1.7.0/build/CMakeFiles/CMakeTmp

Run Build Command:"/usr/bin/make" "cmTC_ffbce/fast"
/usr/bin/make -f CMakeFiles/cmTC_ffbce.dir/build.make CMakeFiles/cmTC_ffbce.dir/build
make[1]: Entering directory '/home/bato/cit/lab/choreonoid-1.7.0/build/CMakeFiles/CMakeTmp'
Building C object CMakeFiles/cmTC_ffbce.dir/CheckSymbolExists.c.o
/usr/bin/cc    -o CMakeFiles/cmTC_ffbce.dir/CheckSymbolExists.c.o   -c /home/bato/cit/lab/choreonoid-1.7.0/build/CMakeFiles/CMakeTmp/CheckSymbolExists.c
Linking C executable cmTC_ffbce
/usr/bin/cmake -E cmake_link_script CMakeFiles/cmTC_ffbce.dir/link.txt --verbose=1
/usr/bin/cc      -rdynamic CMakeFiles/cmTC_ffbce.dir/CheckSymbolExists.c.o  -o cmTC_ffbce 
CMakeFiles/cmTC_ffbce.dir/CheckSymbolExists.c.o: In function `main':
CheckSymbolExists.c:(.text+0x1b): undefined reference to `pthread_create'
collect2: error: ld returned 1 exit status
CMakeFiles/cmTC_ffbce.dir/build.make:97: recipe for target 'cmTC_ffbce' failed
make[1]: *** [cmTC_ffbce] Error 1
make[1]: Leaving directory '/home/bato/cit/lab/choreonoid-1.7.0/build/CMakeFiles/CMakeTmp'
Makefile:126: recipe for target 'cmTC_ffbce/fast' failed
make: *** [cmTC_ffbce/fast] Error 2

File /home/bato/cit/lab/choreonoid-1.7.0/build/CMakeFiles/CMakeTmp/CheckSymbolExists.c:
/* */
#include <pthread.h>

int main(int argc, char** argv)
{
  (void)argv;
#ifndef pthread_create
  return ((int*)(&pthread_create))[argc];
#else
  (void)argc;
  return 0;
#endif
}

